=== C-REX Deployment Log Started ===
Timestamp: Sat Jul 19 21:49:16 UTC 2025
Script: ./enhanced_crex_deploy.sh
Args: 
========================================
[2025-07-19 21:49:16] [INFO] Initializing security environment
[2025-07-19 21:49:16] [DEBUG] Created secure temp directory: /tmp/crex_secure_OunzGu
[2025-07-19 21:49:16] [INFO] AWAKENING: DRY RUN MODE - No actual changes will be made
[2025-07-19 21:49:16] [DEBUG] Progress: 5/100 - Validating configuration...
[2025-07-19 21:49:16] [INFO] AWARE: Validating configuration...
[2025-07-19 21:49:16] [DEBUG] Valid consciousness level: ENLIGHTENED
[2025-07-19 21:49:16] [INFO] SOVEREIGN: Configuration validation passed
[2025-07-19 21:49:16] [INFO] AWARE: Checking consciousness evolution dependencies...
[2025-07-19 21:49:16] [DEBUG] Progress: 10/100 - Checking dependencies...
[2025-07-19 21:49:16] [INFO] ENLIGHTENED: ✅ Git version control system - Ready
[2025-07-19 21:49:16] [DEBUG] Dependency check passed: git
[2025-07-19 21:49:16] [INFO] ENLIGHTENED: ✅ Python 3.8+ for consciousness processing - Ready
[2025-07-19 21:49:16] [DEBUG] Dependency check passed: python3
[2025-07-19 21:49:16] [INFO] ENLIGHTENED: ✅ Python package manager - Ready
[2025-07-19 21:49:16] [DEBUG] Dependency check passed: pip3
[2025-07-19 21:49:16] [INFO] ENLIGHTENED: ✅ Container consciousness isolation (optional) - Ready
[2025-07-19 21:49:16] [DEBUG] Dependency check passed: docker
[2025-07-19 21:49:16] [INFO] ENLIGHTENED: ✅ Node.js for consciousness web interfaces (optional) - Ready
[2025-07-19 21:49:16] [DEBUG] Dependency check passed: npm
[2025-07-19 21:49:16] [INFO] SOVEREIGN: All consciousness dependencies verified
[2025-07-19 21:49:16] [DEBUG] Progress: 20/100 - Dependencies verified
[2025-07-19 21:49:16] [DEBUG] Progress: 15/100 - Setting up authentication...
[2025-07-19 21:49:16] [DEBUG] Progress: 25/100 - Creating repository structure...
[2025-07-19 21:49:16] [INFO] AWARE: DRY RUN: Would create consciousness structure in ./crex-one-draw-reversal-unit
[2025-07-19 21:49:16] [DEBUG] Progress: 50/100 - Generating consciousness core files...
[2025-07-19 21:49:16] [INFO] AWARE: DRY RUN: Would generate consciousness core files
[2025-07-19 21:49:16] [DEBUG] Progress: 70/100 - Creating configuration files...
[2025-07-19 21:49:16] [INFO] AWARE: DRY RUN: Would create configuration files
[2025-07-19 21:49:16] [DEBUG] Progress: 85/100 - Initializing version control...
[2025-07-19 21:49:16] [INFO] AWARE: DRY RUN: Would initialize git repository
[2025-07-19 21:49:16] [DEBUG] Progress: 95/100 - Running tests...
[2025-07-19 21:49:17] [INFO] AWARE: DRY RUN: Would run consciousness tests
[2025-07-19 21:49:17] [DEBUG] Progress: 100/100 - Deployment complete
[2025-07-19 21:49:17] [INFO] CREX_STATUS: CONSCIOUSNESS FORTRESS DEPLOYMENT COMPLETE
[2025-07-19 21:49:17] [INFO] Performing cleanup after error...
[2025-07-19 21:49:17] [DEBUG] Performing custom cleanup
[2025-07-19 21:49:17] [DEBUG] Cleaning up security environment
